#
# A fatal error has been detected by the Java Runtime Environment:
#
#  SIGSEGV (0xb) at pc=0x00007fff905054dd, pid=1962, tid=0x0000000000000a0b
#
# JRE version: Java(TM) SE Runtime Environment (8.0_101-b13) (build 1.8.0_101-b13)
# Java VM: Java HotSpot(TM) 64-Bit Server VM (25.101-b13 mixed mode bsd-amd64 compressed oops)
# Problematic frame:
# C  [libobjc.A.dylib+0x14dd]  objc_msgSend+0x1d
#
# Failed to write core dump. Core dumps have been disabled. To enable core dumping, try "ulimit -c unlimited" before starting Java again
#
# If you would like to submit a bug report, please visit:
#   http://bugreport.java.com/bugreport/crash.jsp
# The crash happened outside the Java Virtual Machine in native code.
# See problematic frame for where to report the bug.
#

---------------  T H R E A D  ---------------

Current thread (0x00007fa24992b800):  JavaThread "AppKit Thread" daemon [_thread_in_native, id=2571, stack(0x00007fff5e8ce000,0x00007fff5f0ce000)]

siginfo: si_signo: 11 (SIGSEGV), si_code: 1 (SEGV_MAPERR), si_addr: 0x0000000000000018

Registers:
RAX=0x00007fa248d58df0, RBX=0x00007fff5f0c8238, RCX=0x00007fa248c5aba8, RDX=0x00007fa248e93cf0
RSP=0x00007fff5f0c81f8, RBP=0x00007fff5f0c8200, RSI=0x00007fff84dfb84a, RDI=0x00007fa248d58df0
R8 =0x000000000000001f, R9 =0x00007fa248c42e90, R10=0x00007fff84dfb84a, R11=0x0000000000000000
R12=0x00007fa248e93cf0, R13=0x00007fa248c42e90, R14=0x00007fa248c5aba0, R15=0x0000000000000000
RIP=0x00007fff905054dd, EFLAGS=0x0000000000010246, ERR=0x0000000000000004
  TRAPNO=0x000000000000000e

Top of Stack: (sp=0x00007fff5f0c81f8)
0x00007fff5f0c81f8:   00007fff975e3bbc 00007fff5f0c8220
0x00007fff5f0c8208:   00007fff975e3b4f 0000000000000000
0x00007fff5f0c8218:   0000000000000000 00007fff5f0c8290
0x00007fff5f0c8228:   00007fff975e3ac7 00007fff5f0c8260
0x00007fff5f0c8238:   00007fff7355d0a0 0000000042000000
0x00007fff5f0c8248:   00007fff975e3b10 00007fff75732720
0x00007fff5f0c8258:   00007fa248c42e90 00007fa248e93cf0
0x00007fff5f0c8268:   00007fff5f0c8a38 00007fff7585f780
0x00007fff5f0c8278:   00007fff5f0c8a38 00007fa248c42e90
0x00007fff5f0c8288:   00007fff979a39e2 00007fff5f0c82d0
0x00007fff5f0c8298:   00007fff975e3832 00007fff5f0c88b0
0x00007fff5f0c82a8:   0000000000000001 00007fff7585f780
0x00007fff5f0c82b8:   00007fff5f0c8a38 00007fff905054c0
0x00007fff5f0c82c8:   00007fff979a39e2 00007fff5f0c89e0
0x00007fff5f0c82d8:   00007fff975a05e2 00007fa248e73910
0x00007fff5f0c82e8:   ffff805db718c6f0 00007fff7480dd00
0x00007fff5f0c82f8:   00007fa248e039c0 00007fa2498050b8
0x00007fff5f0c8308:   00007fa248c52940 0000000000000000
0x00007fff5f0c8318:   0000000000000000 0000000000000000
0x00007fff5f0c8328:   00007fa248c5a090 00007fff7576fbc0
0x00007fff5f0c8338:   00007fff5f0c88b0 0000000000000002
0x00007fff5f0c8348:   0000000000000100 00007fff5f0c8300
0x00007fff5f0c8358:   00007fff5f0c87b0 0000000000000000
0x00007fff5f0c8368:   0000000000000100 00007fff5f0c8300
0x00007fff5f0c8378:   00007fff7585f780 0000000000000000
0x00007fff5f0c8388:   00007fff75733500 00007fff7585f780
0x00007fff5f0c8398:   0000000000000000 00007fff75733500
0x00007fff5f0c83a8:   00007fff7480dd00 00007fff5f0c8420
0x00007fff5f0c83b8:   00007fff9050c2a4 0000000000000000
0x00007fff5f0c83c8:   00007fff7480de10 0000000100000000
0x00007fff5f0c83d8:   0000000000000000 ffff805db71c6b80
0x00007fff5f0c83e8:   00007fa248f45730 00007fa248f45790 

Instructions: (pc=0x00007fff905054dd)
0x00007fff905054bd:   44 00 00 48 85 ff 2e 74 62 40 f6 c7 01 2e 75 66
0x00007fff905054cd:   49 bb f8 ff ff ff ff 7f 00 00 4c 23 1f 49 89 f2
0x00007fff905054dd:   45 23 53 18 49 c1 e2 04 4d 03 53 10 49 3b 32 75
0x00007fff905054ed:   04 41 ff 62 08 49 83 3a 01 76 0d 49 83 c2 10 49 

Register to memory mapping:

RAX=0x00007fa248d58df0 is an unknown value
RBX=0x00007fff5f0c8238 is pointing into the stack for thread: 0x00007fa24992b800
RCX=0x00007fa248c5aba8 is an unknown value
RDX=0x00007fa248e93cf0 is an unknown value
RSP=0x00007fff5f0c81f8 is pointing into the stack for thread: 0x00007fa24992b800
RBP=0x00007fff5f0c8200 is pointing into the stack for thread: 0x00007fa24992b800
RSI=0x00007fff84dfb84a: -[NSTitlebarContainerView transparent]+0x63088 in /System/Library/Frameworks/AppKit.framework/Versions/C/AppKit at 0x00007fff8436e000
RDI=0x00007fa248d58df0 is an unknown value
R8 =0x000000000000001f is an unknown value
R9 =0x00007fa248c42e90 is an unknown value
R10=0x00007fff84dfb84a: -[NSTitlebarContainerView transparent]+0x63088 in /System/Library/Frameworks/AppKit.framework/Versions/C/AppKit at 0x00007fff8436e000
R11=0x0000000000000000 is an unknown value
R12=0x00007fa248e93cf0 is an unknown value
R13=0x00007fa248c42e90 is an unknown value
R14=0x00007fa248c5aba0 is an unknown value
R15=0x0000000000000000 is an unknown value


Stack: [0x00007fff5e8ce000,0x00007fff5f0ce000],  sp=0x00007fff5f0c81f8,  free space=8168k
Native frames: (J=compiled Java code, j=interpreted, Vv=VM code, C=native code)
C  [libobjc.A.dylib+0x14dd]  objc_msgSend+0x1d
C  [CoreFoundation+0xa0b4f]  ___CFXRegistrationPost_block_invoke+0x3f
C  [CoreFoundation+0xa0ac7]  _CFXRegistrationPost+0x197
C  [CoreFoundation+0xa0832]  ___CFXNotificationPost_block_invoke+0x32
C  [CoreFoundation+0x5d5e2]  -[_CFXNotificationRegistrar find:object:observer:enumerator:]+0x782
C  [CoreFoundation+0x5c835]  _CFXNotificationPost+0x2b5
C  [Foundation+0x717a]  -[NSNotificationCenter postNotificationName:object:userInfo:]+0x42
C  [AppKit+0x26526e]  -[NSSurface _disposeSurface]+0xa9
C  [AppKit+0x264cc7]  -[NSSurface setWindow:]+0x42
C  [AppKit+0x28ba7]  -[NSView _setWindow:]+0x9be
C  [AppKit+0x2b993]  -[NSView removeFromSuperview]+0x1d7
C  [AppKit+0x155c7b]  -[NSView removeFromSuperviewWithoutNeedingDisplay]+0x26
C  [liblwjgl.dylib+0xa205]  +[MacOSXKeyableWindow destroyWindow]+0xb5
C  [Foundation+0x76fde]  __NSThreadPerformPerform+0x117
C  [CoreFoundation+0xaa881]  __CFRUNLOOP_IS_CALLING_OUT_TO_A_SOURCE0_PERFORM_FUNCTION__+0x11
C  [CoreFoundation+0x89fbc]  __CFRunLoopDoSources0+0x22c
C  [CoreFoundation+0x894df]  __CFRunLoopRun+0x39f
C  [CoreFoundation+0x88ed8]  CFRunLoopRunSpecific+0x128
C  [HIToolbox+0x30935]  RunCurrentEventLoopInMode+0xeb
C  [HIToolbox+0x3076f]  ReceiveNextEventCommon+0x1b0
C  [HIToolbox+0x305af]  _BlockUntilNextEventMatchingListInModeWithFilter+0x47
C  [AppKit+0x48df6]  _DPSNextEvent+0x42b
C  [AppKit+0x48226]  -[NSApplication _nextEventMatchingEventMask:untilDate:inMode:dequeue:]+0x1c6
C  [libosxapp.dylib+0x23aa]  -[NSApplicationAWT nextEventMatchingMask:untilDate:inMode:dequeue:]+0x7c
C  [AppKit+0x3cd80]  -[NSApplication run]+0x2aa
C  [libosxapp.dylib+0x214d]  +[NSApplicationAWT runAWTLoopWithApp:]+0x9c
C  [libawt_lwawt.dylib+0x444b3]  -[AWTStarter starter:]+0x389
C  [Foundation+0x76fde]  __NSThreadPerformPerform+0x117
C  [CoreFoundation+0xaa881]  __CFRUNLOOP_IS_CALLING_OUT_TO_A_SOURCE0_PERFORM_FUNCTION__+0x11
C  [CoreFoundation+0x89fbc]  __CFRunLoopDoSources0+0x22c
C  [CoreFoundation+0x894df]  __CFRunLoopRun+0x39f
C  [CoreFoundation+0x88ed8]  CFRunLoopRunSpecific+0x128
C  [java+0x6465]  CreateExecutionEnvironment+0x367
C  [java+0x218c]  JLI_Launch+0x7a0
C  [java+0x84c2]  main+0x65
C  [java+0x19e4]  start+0x34
C  0x0000000000000007


---------------  P R O C E S S  ---------------

Java Threads: ( => current thread )
  0x00007fa24a889000 JavaThread "AWT-Shutdown" [_thread_blocked, id=29995, stack(0x0000700000932000,0x0000700000a32000)]
=>0x00007fa24992b800 JavaThread "AppKit Thread" daemon [_thread_in_native, id=2571, stack(0x00007fff5e8ce000,0x00007fff5f0ce000)]
  0x00007fa24a847000 JavaThread "Service Thread" daemon [_thread_blocked, id=19203, stack(0x0000700000f47000,0x0000700001047000)]
  0x00007fa24a01b800 JavaThread "C1 CompilerThread2" daemon [_thread_blocked, id=18691, stack(0x0000700000e44000,0x0000700000f44000)]
  0x00007fa249092000 JavaThread "C2 CompilerThread1" daemon [_thread_blocked, id=18179, stack(0x0000700000d41000,0x0000700000e41000)]
  0x00007fa24982c800 JavaThread "C2 CompilerThread0" daemon [_thread_blocked, id=17667, stack(0x0000700000c3e000,0x0000700000d3e000)]
  0x00007fa24a015000 JavaThread "Monitor Ctrl-Break" daemon [_thread_in_native, id=17155, stack(0x0000700000b3b000,0x0000700000c3b000)]
  0x00007fa24982b800 JavaThread "Signal Dispatcher" daemon [_thread_blocked, id=12815, stack(0x0000700000a38000,0x0000700000b38000)]
  0x00007fa249049800 JavaThread "Finalizer" daemon [_thread_blocked, id=12291, stack(0x000070000082f000,0x000070000092f000)]
  0x00007fa249828000 JavaThread "Reference Handler" daemon [_thread_blocked, id=11779, stack(0x000070000072c000,0x000070000082c000)]
  0x00007fa24900c000 JavaThread "main" [_thread_in_native, id=5891, stack(0x000070000011a000,0x000070000021a000)]

Other Threads:
  0x00007fa249043000 VMThread [stack: 0x0000700000629000,0x0000700000729000] [id=11267]
  0x00007fa24a825000 WatcherThread [stack: 0x000070000104a000,0x000070000114a000] [id=19715]

VM state:not at safepoint (normal execution)

VM Mutex/Monitor currently owned by a thread: None

Heap:
 PSYoungGen      total 38400K, used 14291K [0x0000000795580000, 0x0000000798000000, 0x00000007c0000000)
  eden space 33280K, 27% used [0x0000000795580000,0x0000000795e7b6d8,0x0000000797600000)
  from space 5120K, 99% used [0x0000000797b00000,0x0000000797ff9888,0x0000000798000000)
  to   space 5120K, 0% used [0x0000000797600000,0x0000000797600000,0x0000000797b00000)
 ParOldGen       total 87552K, used 861K [0x0000000740000000, 0x0000000745580000, 0x0000000795580000)
  object space 87552K, 0% used [0x0000000740000000,0x00000007400d7510,0x0000000745580000)
 Metaspace       used 8604K, capacity 8751K, committed 8960K, reserved 1056768K
  class space    used 855K, capacity 922K, committed 1024K, reserved 1048576K

Card table byte_map: [0x00000001119ba000,0x0000000111dbb000] byte_map_base: 0x000000010dfba000

Marking Bits: (ParMarkBitMap*) 0x0000000101eedd20
 Begin Bits: [0x0000000112066000, 0x0000000114066000)
 End Bits:   [0x0000000114066000, 0x0000000116066000)

Polling page: 0x0000000100df5000

CodeCache: size=245760Kb used=5129Kb max_used=5144Kb free=240630Kb
 bounds [0x00000001025fa000, 0x0000000102b0a000, 0x00000001115fa000]
 total_blobs=1736 nmethods=1318 adapters=332
 compilation: enabled

Compilation events (10 events):
Event: 69.155 Thread 0x00007fa24982c800 1328       4       java.nio.Buffer::nextPutIndex (38 bytes)
Event: 69.156 Thread 0x00007fa24982c800 nmethod 1328 0x00000001026ffa50 code [0x00000001026ffba0, 0x00000001026ffc38]
Event: 69.158 Thread 0x00007fa24a01b800 1329       3       org.newdawn.slick.state.StateBasedGame::update (166 bytes)
Event: 69.159 Thread 0x00007fa24a01b800 nmethod 1329 0x0000000102aed2d0 code [0x0000000102aed4c0, 0x0000000102aedf58]
Event: 69.176 Thread 0x00007fa24a01b800 1330       3       managers.WaveManager::update (76 bytes)
Event: 69.177 Thread 0x00007fa24a01b800 nmethod 1330 0x0000000102ade090 code [0x0000000102ade240, 0x0000000102ade6f8]
Event: 70.119 Thread 0x00007fa24a01b800 1331   !   3       org.lwjgl.opengl.Display::processMessages (44 bytes)
Event: 70.120 Thread 0x00007fa24a01b800 nmethod 1331 0x0000000102af4310 code [0x0000000102af45a0, 0x0000000102af55c8]
Event: 73.058 Thread 0x00007fa249092000 1332   !   4       org.lwjgl.input.Keyboard::poll (47 bytes)
Event: 73.081 Thread 0x00007fa249092000 nmethod 1332 0x0000000102b04450 code [0x0000000102b04680, 0x0000000102b056e8]

GC Heap History (8 events):
Event: 8.266 GC heap before
{Heap before GC invocations=1 (full 0):
 PSYoungGen      total 38400K, used 33280K [0x0000000795580000, 0x0000000798000000, 0x00000007c0000000)
  eden space 33280K, 100% used [0x0000000795580000,0x0000000797600000,0x0000000797600000)
  from space 5120K, 0% used [0x0000000797b00000,0x0000000797b00000,0x0000000798000000)
  to   space 5120K, 0% used [0x0000000797600000,0x0000000797600000,0x0000000797b00000)
 ParOldGen       total 87552K, used 0K [0x0000000740000000, 0x0000000745580000, 0x0000000795580000)
  object space 87552K, 0% used [0x0000000740000000,0x0000000740000000,0x0000000745580000)
 Metaspace       used 8478K, capacity 8623K, committed 8960K, reserved 1056768K
  class space    used 848K, capacity 922K, committed 1024K, reserved 1048576K
Event: 8.274 GC heap after
Heap after GC invocations=1 (full 0):
 PSYoungGen      total 38400K, used 5101K [0x0000000795580000, 0x0000000798000000, 0x00000007c0000000)
  eden space 33280K, 0% used [0x0000000795580000,0x0000000795580000,0x0000000797600000)
  from space 5120K, 99% used [0x0000000797600000,0x0000000797afb588,0x0000000797b00000)
  to   space 5120K, 0% used [0x0000000797b00000,0x0000000797b00000,0x0000000798000000)
 ParOldGen       total 87552K, used 701K [0x0000000740000000, 0x0000000745580000, 0x0000000795580000)
  object space 87552K, 0% used [0x0000000740000000,0x00000007400af510,0x0000000745580000)
 Metaspace       used 8478K, capacity 8623K, committed 8960K, reserved 1056768K
  class space    used 848K, capacity 922K, committed 1024K, reserved 1048576K
}
Event: 34.427 GC heap before
{Heap before GC invocations=2 (full 0):
 PSYoungGen      total 38400K, used 38381K [0x0000000795580000, 0x0000000798000000, 0x00000007c0000000)
  eden space 33280K, 100% used [0x0000000795580000,0x0000000797600000,0x0000000797600000)
  from space 5120K, 99% used [0x0000000797600000,0x0000000797afb588,0x0000000797b00000)
  to   space 5120K, 0% used [0x0000000797b00000,0x0000000797b00000,0x0000000798000000)
 ParOldGen       total 87552K, used 701K [0x0000000740000000, 0x0000000745580000, 0x0000000795580000)
  object space 87552K, 0% used [0x0000000740000000,0x00000007400af510,0x0000000745580000)
 Metaspace       used 8559K, capacity 8751K, committed 8960K, reserved 1056768K
  class space    used 854K, capacity 922K, committed 1024K, reserved 1048576K
Event: 34.433 GC heap after
Heap after GC invocations=2 (full 0):
 PSYoungGen      total 38400K, used 4808K [0x0000000795580000, 0x0000000798000000, 0x00000007c0000000)
  eden space 33280K, 0% used [0x0000000795580000,0x0000000795580000,0x0000000797600000)
  from space 5120K, 93% used [0x0000000797b00000,0x0000000797fb2148,0x0000000798000000)
  to   space 5120K, 0% used [0x0000000797600000,0x0000000797600000,0x0000000797b00000)
 ParOldGen       total 87552K, used 709K [0x0000000740000000, 0x0000000745580000, 0x0000000795580000)
  object space 87552K, 0% used [0x0000000740000000,0x00000007400b1510,0x0000000745580000)
 Metaspace       used 8559K, capacity 8751K, committed 8960K, reserved 1056768K
  class space    used 854K, capacity 922K, committed 1024K, reserved 1048576K
}
Event: 47.168 GC heap before
{Heap before GC invocations=3 (full 0):
 PSYoungGen      total 38400K, used 38088K [0x0000000795580000, 0x0000000798000000, 0x00000007c0000000)
  eden space 33280K, 100% used [0x0000000795580000,0x0000000797600000,0x0000000797600000)
  from space 5120K, 93% used [0x0000000797b00000,0x0000000797fb2148,0x0000000798000000)
  to   space 5120K, 0% used [0x0000000797600000,0x0000000797600000,0x0000000797b00000)
 ParOldGen       total 87552K, used 709K [0x0000000740000000, 0x0000000745580000, 0x0000000795580000)
  object space 87552K, 0% used [0x0000000740000000,0x00000007400b1510,0x0000000745580000)
 Metaspace       used 8596K, capacity 8751K, committed 8960K, reserved 1056768K
  class space    used 854K, capacity 922K, committed 1024K, reserved 1048576K
Event: 47.174 GC heap after
Heap after GC invocations=3 (full 0):
 PSYoungGen      total 38400K, used 5110K [0x0000000795580000, 0x0000000798000000, 0x00000007c0000000)
  eden space 33280K, 0% used [0x0000000795580000,0x0000000795580000,0x0000000797600000)
  from space 5120K, 99% used [0x0000000797600000,0x0000000797afd878,0x0000000797b00000)
  to   space 5120K, 0% used [0x0000000797b00000,0x0000000797b00000,0x0000000798000000)
 ParOldGen       total 87552K, used 717K [0x0000000740000000, 0x0000000745580000, 0x0000000795580000)
  object space 87552K, 0% used [0x0000000740000000,0x00000007400b3510,0x0000000745580000)
 Metaspace       used 8596K, capacity 8751K, committed 8960K, reserved 1056768K
  class space    used 854K, capacity 922K, committed 1024K, reserved 1048576K
}
Event: 60.048 GC heap before
{Heap before GC invocations=4 (full 0):
 PSYoungGen      total 38400K, used 38390K [0x0000000795580000, 0x0000000798000000, 0x00000007c0000000)
  eden space 33280K, 100% used [0x0000000795580000,0x0000000797600000,0x0000000797600000)
  from space 5120K, 99% used [0x0000000797600000,0x0000000797afd878,0x0000000797b00000)
  to   space 5120K, 0% used [0x0000000797b00000,0x0000000797b00000,0x0000000798000000)
 ParOldGen       total 87552K, used 717K [0x0000000740000000, 0x0000000745580000, 0x0000000795580000)
  object space 87552K, 0% used [0x0000000740000000,0x00000007400b3510,0x0000000745580000)
 Metaspace       used 8596K, capacity 8751K, committed 8960K, reserved 1056768K
  class space    used 854K, capacity 922K, committed 1024K, reserved 1048576K
Event: 60.054 GC heap after
Heap after GC invocations=4 (full 0):
 PSYoungGen      total 38400K, used 5094K [0x0000000795580000, 0x0000000798000000, 0x00000007c0000000)
  eden space 33280K, 0% used [0x0000000795580000,0x0000000795580000,0x0000000797600000)
  from space 5120K, 99% used [0x0000000797b00000,0x0000000797ff9888,0x0000000798000000)
  to   space 5120K, 0% used [0x0000000797600000,0x0000000797600000,0x0000000797b00000)
 ParOldGen       total 87552K, used 861K [0x0000000740000000, 0x0000000745580000, 0x0000000795580000)
  object space 87552K, 0% used [0x0000000740000000,0x00000007400d7510,0x0000000745580000)
 Metaspace       used 8596K, capacity 8751K, committed 8960K, reserved 1056768K
  class space    used 854K, capacity 922K, committed 1024K, reserved 1048576K
}

Deoptimization events (10 events):
Event: 36.336 Thread 0x00007fa24900c000 Uncommon trap: reason=unstable_if action=reinterpret pc=0x0000000102a757c0 method=java.util.ArrayList.rangeCheck(I)V @ 5
Event: 36.336 Thread 0x00007fa24900c000 Uncommon trap: reason=unstable_if action=reinterpret pc=0x00000001028c6c70 method=java.util.ArrayList.rangeCheck(I)V @ 5
Event: 47.176 Thread 0x00007fa24900c000 Uncommon trap: reason=unstable_if action=reinterpret pc=0x0000000102a4cdf0 method=entities.enemies.Enemy.isDead()Z @ 4
Event: 47.180 Thread 0x00007fa24900c000 Uncommon trap: reason=unstable_if action=reinterpret pc=0x0000000102a45ea8 method=entities.enemies.Enemy.isDead()Z @ 4
Event: 47.184 Thread 0x00007fa24900c000 Uncommon trap: reason=unstable_if action=reinterpret pc=0x00000001029f04bc method=entities.enemies.Enemy.isDead()Z @ 4
Event: 68.751 Thread 0x00007fa24900c000 Uncommon trap: reason=unstable_if action=reinterpret pc=0x0000000102af8464 method=managers.WaveManager.update(Lorg/newdawn/slick/GameContainer;F)V @ 47
Event: 68.754 Thread 0x00007fa24900c000 Uncommon trap: reason=unstable_if action=reinterpret pc=0x0000000102aeebe0 method=managers.WaveManager.update(Lorg/newdawn/slick/GameContainer;F)V @ 47
Event: 68.758 Thread 0x00007fa24900c000 Uncommon trap: reason=unstable_if action=reinterpret pc=0x0000000102af1ec8 method=managers.WaveManager.update(Lorg/newdawn/slick/GameContainer;F)V @ 47
Event: 69.683 Thread 0x00007fa24900c000 Uncommon trap: reason=unstable_if action=reinterpret pc=0x0000000102a085a4 method=org.lwjgl.opengl.MacOSXDisplay.update()V @ 86
Event: 75.119 Thread 0x00007fa24900c000 Uncommon trap: reason=unstable_if action=reinterpret pc=0x0000000102a0d038 method=org.newdawn.slick.AppGameContainer.gameLoop()V @ 60

Internal exceptions (10 events):
Event: 0.263 Thread 0x00007fa24900c000 Exception <a 'java/security/PrivilegedActionException'> (0x00000007959837a8) thrown at [/HUDSON3/workspace/8-2-build-macosx-x86_64/jdk8u101/7261/hotspot/src/share/vm/prims/jvm.cpp, line 1386]
Event: 0.264 Thread 0x00007fa24900c000 Exception <a 'java/security/PrivilegedActionException'> (0x0000000795986c98) thrown at [/HUDSON3/workspace/8-2-build-macosx-x86_64/jdk8u101/7261/hotspot/src/share/vm/prims/jvm.cpp, line 1386]
Event: 0.264 Thread 0x00007fa24900c000 Exception <a 'java/security/PrivilegedActionException'> (0x0000000795986ea8) thrown at [/HUDSON3/workspace/8-2-build-macosx-x86_64/jdk8u101/7261/hotspot/src/share/vm/prims/jvm.cpp, line 1386]
Event: 0.323 Thread 0x00007fa24900c000 Exception <a 'java/lang/NoSuchFieldError': method resolution failed> (0x0000000795ab94d0) thrown at [/HUDSON3/workspace/8-2-build-macosx-x86_64/jdk8u101/7261/hotspot/src/share/vm/prims/methodHandles.cpp, line 1146]
Event: 0.325 Thread 0x00007fa24900c000 Exception <a 'java/lang/NoSuchFieldError': method resolution failed> (0x0000000795ac7510) thrown at [/HUDSON3/workspace/8-2-build-macosx-x86_64/jdk8u101/7261/hotspot/src/share/vm/prims/methodHandles.cpp, line 1146]
Event: 0.555 Thread 0x00007fa24900c000 Exception <a 'java/io/FileNotFoundException'> (0x0000000795b6a188) thrown at [/HUDSON3/workspace/8-2-build-macosx-x86_64/jdk8u101/7261/hotspot/src/share/vm/prims/jni.cpp, line 709]
Event: 0.555 Thread 0x00007fa24900c000 Exception <a 'java/io/FileNotFoundException'> (0x0000000795b6ad30) thrown at [/HUDSON3/workspace/8-2-build-macosx-x86_64/jdk8u101/7261/hotspot/src/share/vm/prims/jni.cpp, line 709]
Event: 0.582 Thread 0x00007fa24900c000 Exception <a 'java/io/FileNotFoundException'> (0x0000000795cc9bf8) thrown at [/HUDSON3/workspace/8-2-build-macosx-x86_64/jdk8u101/7261/hotspot/src/share/vm/prims/jni.cpp, line 709]
Event: 27.491 Thread 0x00007fa24a1cd800 Implicit null exception at 0x00000001029d4ddf to 0x00000001029d506d
Event: 30.056 Thread 0x00007fa249918000 Implicit null exception at 0x00000001029ac486 to 0x00000001029ac6cd

Events (10 events):
Event: 68.758 Thread 0x00007fa24900c000 DEOPT PACKING pc=0x0000000102af1ec8 sp=0x0000700000219630
Event: 68.758 Thread 0x00007fa24900c000 DEOPT UNPACKING pc=0x00000001025ff229 sp=0x0000700000219620 mode 2
Event: 69.683 Thread 0x00007fa24900c000 Uncommon trap: trap_request=0xffffff65 fr.pc=0x0000000102a085a4
Event: 69.683 Thread 0x00007fa24900c000 DEOPT PACKING pc=0x0000000102a085a4 sp=0x00007000002197d0
Event: 69.683 Thread 0x00007fa24900c000 DEOPT UNPACKING pc=0x00000001025ff229 sp=0x0000700000219738 mode 2
Event: 75.119 Thread 0x00007fa24900c000 Uncommon trap: trap_request=0xffffff65 fr.pc=0x0000000102a0d038
Event: 75.119 Thread 0x00007fa24900c000 DEOPT PACKING pc=0x0000000102a0d038 sp=0x0000700000219830
Event: 75.119 Thread 0x00007fa24900c000 DEOPT UNPACKING pc=0x00000001025ff229 sp=0x0000700000219808 mode 2
Event: 75.121 loading class org/lwjgl/opengl/CallbackUtil
Event: 75.121 loading class org/lwjgl/opengl/CallbackUtil done


Dynamic libraries:
0x0000000001302000 	/System/Library/Frameworks/Cocoa.framework/Versions/A/Cocoa
0x0000000001302000 	/System/Library/Frameworks/Security.framework/Versions/A/Security
0x0000000001302000 	/System/Library/Frameworks/ApplicationServices.framework/Versions/A/ApplicationServices
0x0000000001302000 	/usr/lib/libz.1.dylib
0x0000000001302000 	/usr/lib/libSystem.B.dylib
0x0000000001302000 	/usr/lib/libobjc.A.dylib
0x0000000001302000 	/System/Library/Frameworks/CoreFoundation.framework/Versions/A/CoreFoundation
0x0000000001302000 	/System/Library/Frameworks/Foundation.framework/Versions/C/Foundation
0x0000000001302000 	/System/Library/Frameworks/AppKit.framework/Versions/C/AppKit
0x0000000001302000 	/System/Library/Frameworks/CoreData.framework/Versions/A/CoreData
0x0000000001302000 	/System/Library/PrivateFrameworks/RemoteViewServices.framework/Versions/A/RemoteViewServices
0x0000000001302000 	/System/Library/PrivateFrameworks/UIFoundation.framework/Versions/A/UIFoundation
0x0000000001302000 	/usr/lib/libScreenReader.dylib
0x0000000001302000 	/System/Library/Frameworks/Accelerate.framework/Versions/A/Accelerate
0x0000000001302000 	/System/Library/Frameworks/IOSurface.framework/Versions/A/IOSurface
0x0000000001302000 	/System/Library/Frameworks/AudioToolbox.framework/Versions/A/AudioToolbox
0x0000000001302000 	/System/Library/Frameworks/AudioUnit.framework/Versions/A/AudioUnit
0x0000000001302000 	/System/Library/PrivateFrameworks/DataDetectorsCore.framework/Versions/A/DataDetectorsCore
0x0000000001302000 	/System/Library/PrivateFrameworks/DesktopServicesPriv.framework/Versions/A/DesktopServicesPriv
0x0000000001302000 	/System/Library/Frameworks/Carbon.framework/Versions/A/Frameworks/HIToolbox.framework/Versions/A/HIToolbox
0x0000000001302000 	/System/Library/Frameworks/QuartzCore.framework/Versions/A/QuartzCore
0x0000000001302000 	/System/Library/Frameworks/Carbon.framework/Versions/A/Frameworks/SpeechRecognition.framework/Versions/A/SpeechRecognition
0x0000000001302000 	/usr/lib/libauto.dylib
0x0000000001302000 	/usr/lib/libicucore.A.dylib
0x0000000001302000 	/usr/lib/libxml2.2.dylib
0x0000000001302000 	/System/Library/PrivateFrameworks/CoreUI.framework/Versions/A/CoreUI
0x0000000001302000 	/System/Library/Frameworks/CoreAudio.framework/Versions/A/CoreAudio
0x0000000001302000 	/System/Library/Frameworks/DiskArbitration.framework/Versions/A/DiskArbitration
0x0000000001302000 	/usr/lib/liblangid.dylib
0x0000000001302000 	/System/Library/PrivateFrameworks/MultitouchSupport.framework/Versions/A/MultitouchSupport
0x0000000001302000 	/System/Library/Frameworks/IOKit.framework/Versions/A/IOKit
0x0000000001302000 	/usr/lib/libDiagnosticMessagesClient.dylib
0x0000000001302000 	/System/Library/Frameworks/CoreServices.framework/Versions/A/CoreServices
0x0000000001302000 	/System/Library/PrivateFrameworks/PerformanceAnalysis.framework/Versions/A/PerformanceAnalysis
0x0000000001302000 	/System/Library/PrivateFrameworks/GenerationalStorage.framework/Versions/A/GenerationalStorage
0x0000000001302000 	/System/Library/Frameworks/OpenGL.framework/Versions/A/OpenGL
0x0000000001302000 	/System/Library/PrivateFrameworks/Sharing.framework/Versions/A/Sharing
0x0000000001302000 	/System/Library/Frameworks/CoreGraphics.framework/Versions/A/CoreGraphics
0x0000000001302000 	/System/Library/Frameworks/CoreImage.framework/Versions/A/CoreImage
0x0000000001302000 	/System/Library/Frameworks/CoreText.framework/Versions/A/CoreText
0x0000000001302000 	/System/Library/Frameworks/ImageIO.framework/Versions/A/ImageIO
0x0000000001302000 	/System/Library/PrivateFrameworks/Backup.framework/Versions/A/Backup
0x0000000001302000 	/usr/lib/libextension.dylib
0x0000000001302000 	/usr/lib/libarchive.2.dylib
0x0000000001302000 	/System/Library/Frameworks/CFNetwork.framework/Versions/A/CFNetwork
0x0000000001302000 	/System/Library/Frameworks/SystemConfiguration.framework/Versions/A/SystemConfiguration
0x0000000001302000 	/usr/lib/libCRFSuite.dylib
0x0000000001302000 	/usr/lib/libc++.1.dylib
0x0000000001302000 	/usr/lib/libc++abi.dylib
0x0000000001302000 	/usr/lib/system/libcache.dylib
0x0000000001302000 	/usr/lib/system/libcommonCrypto.dylib
0x0000000001302000 	/usr/lib/system/libcompiler_rt.dylib
0x0000000001302000 	/usr/lib/system/libcopyfile.dylib
0x0000000001302000 	/usr/lib/system/libcorecrypto.dylib
0x0000000001302000 	/usr/lib/system/libdispatch.dylib
0x0000000001302000 	/usr/lib/system/libdyld.dylib
0x0000000001302000 	/usr/lib/system/libkeymgr.dylib
0x0000000001302000 	/usr/lib/system/liblaunch.dylib
0x0000000001302000 	/usr/lib/system/libmacho.dylib
0x0000000001302000 	/usr/lib/system/libquarantine.dylib
0x0000000001302000 	/usr/lib/system/libremovefile.dylib
0x0000000001302000 	/usr/lib/system/libsystem_asl.dylib
0x0000000001302000 	/usr/lib/system/libsystem_blocks.dylib
0x0000000001302000 	/usr/lib/system/libsystem_c.dylib
0x0000000001302000 	/usr/lib/system/libsystem_configuration.dylib
0x0000000001302000 	/usr/lib/system/libsystem_coreservices.dylib
0x0000000001302000 	/usr/lib/system/libsystem_coretls.dylib
0x0000000001302000 	/usr/lib/system/libsystem_dnssd.dylib
0x0000000001302000 	/usr/lib/system/libsystem_info.dylib
0x0000000001302000 	/usr/lib/system/libsystem_kernel.dylib
0x0000000001302000 	/usr/lib/system/libsystem_m.dylib
0x0000000001302000 	/usr/lib/system/libsystem_malloc.dylib
0x0000000001302000 	/usr/lib/system/libsystem_network.dylib
0x0000000001302000 	/usr/lib/system/libsystem_networkextension.dylib
0x0000000001302000 	/usr/lib/system/libsystem_notify.dylib
0x0000000001302000 	/usr/lib/system/libsystem_platform.dylib
0x0000000001302000 	/usr/lib/system/libsystem_pthread.dylib
0x0000000001302000 	/usr/lib/system/libsystem_sandbox.dylib
0x0000000001302000 	/usr/lib/system/libsystem_secinit.dylib
0x0000000001302000 	/usr/lib/system/libsystem_trace.dylib
0x0000000001302000 	/usr/lib/system/libunc.dylib
0x0000000001302000 	/usr/lib/system/libunwind.dylib
0x0000000001302000 	/usr/lib/system/libxpc.dylib
0x0000000001302000 	/usr/lib/libenergytrace.dylib
0x0000000001302000 	/usr/lib/libbsm.0.dylib
0x0000000001302000 	/usr/lib/system/libkxld.dylib
0x0000000001302000 	/usr/lib/libxar.1.dylib
0x0000000001302000 	/usr/lib/libsqlite3.dylib
0x0000000001302000 	/usr/lib/libpam.2.dylib
0x0000000001302000 	/usr/lib/libOpenScriptingUtil.dylib
0x0000000001302000 	/usr/lib/libbz2.1.0.dylib
0x0000000001302000 	/usr/lib/liblzma.5.dylib
0x0000000001302000 	/System/Library/Frameworks/CoreServices.framework/Versions/A/Frameworks/FSEvents.framework/Versions/A/FSEvents
0x0000000001302000 	/System/Library/Frameworks/CoreServices.framework/Versions/A/Frameworks/CarbonCore.framework/Versions/A/CarbonCore
0x0000000001302000 	/System/Library/Frameworks/CoreServices.framework/Versions/A/Frameworks/Metadata.framework/Versions/A/Metadata
0x0000000001302000 	/System/Library/Frameworks/CoreServices.framework/Versions/A/Frameworks/OSServices.framework/Versions/A/OSServices
0x0000000001302000 	/System/Library/Frameworks/CoreServices.framework/Versions/A/Frameworks/SearchKit.framework/Versions/A/SearchKit
0x0000000001302000 	/System/Library/Frameworks/CoreServices.framework/Versions/A/Frameworks/AE.framework/Versions/A/AE
0x0000000001302000 	/System/Library/Frameworks/CoreServices.framework/Versions/A/Frameworks/LaunchServices.framework/Versions/A/LaunchServices
0x0000000001302000 	/System/Library/Frameworks/CoreServices.framework/Versions/A/Frameworks/DictionaryServices.framework/Versions/A/DictionaryServices
0x0000000001302000 	/System/Library/Frameworks/CoreServices.framework/Versions/A/Frameworks/SharedFileList.framework/Versions/A/SharedFileList
0x0000000001302000 	/System/Library/Frameworks/NetFS.framework/Versions/A/NetFS
0x0000000001302000 	/System/Library/PrivateFrameworks/NetAuth.framework/Versions/A/NetAuth
0x0000000001302000 	/System/Library/PrivateFrameworks/login.framework/Versions/A/Frameworks/loginsupport.framework/Versions/A/loginsupport
0x0000000001302000 	/System/Library/PrivateFrameworks/TCC.framework/Versions/A/TCC
0x0000000001302000 	/usr/lib/libmecabra.dylib
0x0000000001302000 	/System/Library/Frameworks/ApplicationServices.framework/Versions/A/Frameworks/ATS.framework/Versions/A/ATS
0x0000000001302000 	/System/Library/Frameworks/ApplicationServices.framework/Versions/A/Frameworks/ColorSync.framework/Versions/A/ColorSync
0x0000000001302000 	/System/Library/Frameworks/ApplicationServices.framework/Versions/A/Frameworks/HIServices.framework/Versions/A/HIServices
0x0000000001302000 	/System/Library/Frameworks/ApplicationServices.framework/Versions/A/Frameworks/LangAnalysis.framework/Versions/A/LangAnalysis
0x0000000001302000 	/System/Library/Frameworks/ApplicationServices.framework/Versions/A/Frameworks/PrintCore.framework/Versions/A/PrintCore
0x0000000001302000 	/System/Library/Frameworks/ApplicationServices.framework/Versions/A/Frameworks/QD.framework/Versions/A/QD
0x0000000001302000 	/System/Library/Frameworks/ApplicationServices.framework/Versions/A/Frameworks/SpeechSynthesis.framework/Versions/A/SpeechSynthesis
0x0000000001302000 	/System/Library/Frameworks/Metal.framework/Versions/A/Metal
0x0000000001302000 	/System/Library/Frameworks/Accelerate.framework/Versions/A/Frameworks/vImage.framework/Versions/A/vImage
0x0000000001302000 	/System/Library/Frameworks/Accelerate.framework/Versions/A/Frameworks/vecLib.framework/Versions/A/vecLib
0x0000000001302000 	/System/Library/Frameworks/Accelerate.framework/Versions/A/Frameworks/vecLib.framework/Versions/A/libvDSP.dylib
0x0000000001302000 	/System/Library/Frameworks/Accelerate.framework/Versions/A/Frameworks/vecLib.framework/Versions/A/libvMisc.dylib
0x0000000001302000 	/System/Library/Frameworks/Accelerate.framework/Versions/A/Frameworks/vecLib.framework/Versions/A/libLAPACK.dylib
0x0000000001302000 	/System/Library/Frameworks/Accelerate.framework/Versions/A/Frameworks/vecLib.framework/Versions/A/libBLAS.dylib
0x0000000001302000 	/System/Library/Frameworks/Accelerate.framework/Versions/A/Frameworks/vecLib.framework/Versions/A/libLinearAlgebra.dylib
0x0000000001302000 	/System/Library/Frameworks/Accelerate.framework/Versions/A/Frameworks/vecLib.framework/Versions/A/libSparseBLAS.dylib
0x0000000001302000 	/System/Library/PrivateFrameworks/GPUCompiler.framework/libmetal_timestamp.dylib
0x0000000001302000 	/System/Library/Frameworks/OpenGL.framework/Versions/A/Libraries/libCoreFSCache.dylib
0x0000000001302000 	/System/Library/PrivateFrameworks/IOAccelerator.framework/Versions/A/IOAccelerator
0x0000000001302000 	/System/Library/Frameworks/ApplicationServices.framework/Versions/A/Frameworks/ATS.framework/Versions/A/Resources/libFontParser.dylib
0x0000000001302000 	/System/Library/Frameworks/ApplicationServices.framework/Versions/A/Frameworks/ATS.framework/Versions/A/Resources/libFontRegistry.dylib
0x0000000001302000 	/System/Library/PrivateFrameworks/AppleVPA.framework/Versions/A/AppleVPA
0x0000000001302000 	/System/Library/PrivateFrameworks/AppleJPEG.framework/Versions/A/AppleJPEG
0x0000000001302000 	/System/Library/Frameworks/ImageIO.framework/Versions/A/Resources/libJPEG.dylib
0x0000000001302000 	/System/Library/Frameworks/ImageIO.framework/Versions/A/Resources/libTIFF.dylib
0x0000000001302000 	/System/Library/Frameworks/ImageIO.framework/Versions/A/Resources/libPng.dylib
0x0000000001302000 	/System/Library/Frameworks/ImageIO.framework/Versions/A/Resources/libGIF.dylib
0x0000000001302000 	/System/Library/Frameworks/ImageIO.framework/Versions/A/Resources/libJP2.dylib
0x0000000001302000 	/System/Library/Frameworks/ImageIO.framework/Versions/A/Resources/libRadiance.dylib
0x0000000001302000 	/System/Library/Frameworks/CoreVideo.framework/Versions/A/CoreVideo
0x0000000001302000 	/System/Library/Frameworks/OpenGL.framework/Versions/A/Libraries/libGLU.dylib
0x0000000001302000 	/System/Library/Frameworks/OpenGL.framework/Versions/A/Libraries/libGFXShared.dylib
0x0000000001302000 	/System/Library/Frameworks/OpenGL.framework/Versions/A/Libraries/libGL.dylib
0x0000000001302000 	/System/Library/Frameworks/OpenGL.framework/Versions/A/Libraries/libGLImage.dylib
0x0000000001302000 	/System/Library/Frameworks/OpenGL.framework/Versions/A/Libraries/libCVMSPluginSupport.dylib
0x0000000001302000 	/System/Library/Frameworks/OpenGL.framework/Versions/A/Libraries/libCoreVMClient.dylib
0x0000000001302000 	/usr/lib/libcompression.dylib
0x0000000001302000 	/usr/lib/libcups.2.dylib
0x0000000001302000 	/System/Library/Frameworks/Kerberos.framework/Versions/A/Kerberos
0x0000000001302000 	/System/Library/Frameworks/GSS.framework/Versions/A/GSS
0x0000000001302000 	/usr/lib/libresolv.9.dylib
0x0000000001302000 	/usr/lib/libiconv.2.dylib
0x0000000001302000 	/System/Library/PrivateFrameworks/Heimdal.framework/Versions/A/Heimdal
0x0000000001302000 	/usr/lib/libheimdal-asn1.dylib
0x0000000001302000 	/System/Library/Frameworks/OpenDirectory.framework/Versions/A/OpenDirectory
0x0000000001302000 	/System/Library/PrivateFrameworks/CommonAuth.framework/Versions/A/CommonAuth
0x0000000001302000 	/System/Library/Frameworks/OpenDirectory.framework/Versions/A/Frameworks/CFOpenDirectory.framework/Versions/A/CFOpenDirectory
0x0000000001302000 	/System/Library/Frameworks/SecurityFoundation.framework/Versions/A/SecurityFoundation
0x0000000001302000 	/System/Library/PrivateFrameworks/LanguageModeling.framework/Versions/A/LanguageModeling
0x0000000001302000 	/usr/lib/libmarisa.dylib
0x0000000001302000 	/usr/lib/libChineseTokenizer.dylib
0x0000000001302000 	/usr/lib/libcmph.dylib
0x0000000001302000 	/System/Library/Frameworks/ServiceManagement.framework/Versions/A/ServiceManagement
0x0000000001302000 	/usr/lib/libxslt.1.dylib
0x0000000001302000 	/System/Library/Frameworks/Carbon.framework/Versions/A/Frameworks/Ink.framework/Versions/A/Ink
0x0000000001302000 	/usr/lib/libFosl_dynamic.dylib
0x0000000001302000 	/System/Library/PrivateFrameworks/FaceCore.framework/Versions/A/FaceCore
0x0000000001302000 	/System/Library/Frameworks/OpenCL.framework/Versions/A/OpenCL
0x0000000001302000 	/System/Library/PrivateFrameworks/CrashReporterSupport.framework/Versions/A/CrashReporterSupport
0x0000000001302000 	/System/Library/PrivateFrameworks/IconServices.framework/Versions/A/IconServices
0x0000000001302000 	/System/Library/PrivateFrameworks/Apple80211.framework/Versions/A/Apple80211
0x0000000001302000 	/System/Library/Frameworks/CoreWLAN.framework/Versions/A/CoreWLAN
0x0000000001302000 	/System/Library/Frameworks/IOBluetooth.framework/Versions/A/IOBluetooth
0x0000000001302000 	/System/Library/PrivateFrameworks/CoreWiFi.framework/Versions/A/CoreWiFi
0x0000000001302000 	/System/Library/Frameworks/CoreBluetooth.framework/Versions/A/CoreBluetooth
0x0000000001302000 	/System/Library/PrivateFrameworks/ChunkingLibrary.framework/Versions/A/ChunkingLibrary
0x0000000001302000 	/System/Library/PrivateFrameworks/DebugSymbols.framework/Versions/A/DebugSymbols
0x0000000001302000 	/System/Library/PrivateFrameworks/CoreSymbolication.framework/Versions/A/CoreSymbolication
0x0000000001302000 	/System/Library/PrivateFrameworks/Symbolication.framework/Versions/A/Symbolication
0x0000000001302000 	/System/Library/PrivateFrameworks/SpeechRecognitionCore.framework/Versions/A/SpeechRecognitionCore
0x0000000101600000 	/Library/Java/JavaVirtualMachines/jdk1.8.0_101.jdk/Contents/Home/jre/lib/server/libjvm.dylib
0x0000000001302000 	/usr/lib/libstdc++.6.dylib
0x0000000100db2000 	/Library/Java/JavaVirtualMachines/jdk1.8.0_101.jdk/Contents/Home/jre/lib/libverify.dylib
0x0000000100dc0000 	/Library/Java/JavaVirtualMachines/jdk1.8.0_101.jdk/Contents/Home/jre/lib/libjava.dylib
0x000000010259d000 	/Library/Java/JavaVirtualMachines/jdk1.8.0_101.jdk/Contents/Home/jre/lib/libinstrument.dylib
0x00000001025f1000 	/Library/Java/JavaVirtualMachines/jdk1.8.0_101.jdk/Contents/Home/jre/lib/libzip.dylib
0x0000000117f35000 	/System/Library/Frameworks/JavaVM.framework/Frameworks/JavaRuntimeSupport.framework/JavaRuntimeSupport
0x0000000117f50000 	/System/Library/Frameworks/JavaVM.framework/Versions/A/Frameworks/JavaNativeFoundation.framework/Versions/A/JavaNativeFoundation
0x0000000117f65000 	/System/Library/Frameworks/JavaVM.framework/Versions/A/JavaVM
0x0000000001302000 	/System/Library/Frameworks/Carbon.framework/Versions/A/Carbon
0x0000000117f72000 	/System/Library/PrivateFrameworks/JavaLaunching.framework/Versions/A/JavaLaunching
0x0000000001302000 	/System/Library/Frameworks/Carbon.framework/Versions/A/Frameworks/CommonPanels.framework/Versions/A/CommonPanels
0x0000000001302000 	/System/Library/Frameworks/Carbon.framework/Versions/A/Frameworks/Help.framework/Versions/A/Help
0x0000000001302000 	/System/Library/Frameworks/Carbon.framework/Versions/A/Frameworks/ImageCapture.framework/Versions/A/ImageCapture
0x0000000001302000 	/System/Library/Frameworks/Carbon.framework/Versions/A/Frameworks/OpenScripting.framework/Versions/A/OpenScripting
0x0000000001302000 	/System/Library/Frameworks/Carbon.framework/Versions/A/Frameworks/Print.framework/Versions/A/Print
0x0000000001302000 	/System/Library/Frameworks/Carbon.framework/Versions/A/Frameworks/SecurityHI.framework/Versions/A/SecurityHI
0x00000001199d7000 	/Library/Java/JavaVirtualMachines/jdk1.8.0_101.jdk/Contents/Home/jre/lib/libnet.dylib
0x0000000119a36000 	/Library/Java/JavaVirtualMachines/jdk1.8.0_101.jdk/Contents/Home/jre/lib/libawt.dylib
0x0000000119ade000 	/Library/Java/JavaVirtualMachines/jdk1.8.0_101.jdk/Contents/Home/jre/lib/./libmlib_image.dylib
0x0000000119baa000 	/Library/Java/JavaVirtualMachines/jdk1.8.0_101.jdk/Contents/Home/jre/lib/libawt_lwawt.dylib
0x0000000119c5f000 	/Library/Java/JavaVirtualMachines/jdk1.8.0_101.jdk/Contents/Home/jre/lib/./libosxapp.dylib
0x0000000001302000 	/System/Library/Frameworks/ExceptionHandling.framework/Versions/A/ExceptionHandling
0x0000000001302000 	/System/Library/PrivateFrameworks/CoreServicesInternal.framework/Versions/A/CoreServicesInternal
0x0000000001302000 	/System/Library/Frameworks/CoreGraphics.framework/Versions/A/Resources/libRIP.A.dylib
0x0000000001302000 	/System/Library/Frameworks/Accelerate.framework/Versions/A/Frameworks/vImage.framework/Versions/A/Libraries/libCGInterfaces.dylib
0x0000000001302000 	/System/Library/Frameworks/CoreGraphics.framework/Versions/A/Resources/libCGXType.A.dylib
0x0000000001302000 	/System/Library/Frameworks/OpenCL.framework/Versions/A/Libraries/libcldcpuengine.dylib
0x0000000001302000 	/System/Library/PrivateFrameworks/DiskImages.framework/Versions/A/DiskImages
0x0000000001302000 	/System/Library/Frameworks/DiscRecording.framework/Versions/A/DiscRecording
0x0000000001302000 	/usr/lib/libcsfde.dylib
0x0000000001302000 	/usr/lib/libcurl.4.dylib
0x0000000001302000 	/System/Library/PrivateFrameworks/MediaKit.framework/Versions/A/MediaKit
0x0000000001302000 	/System/Library/PrivateFrameworks/ProtectedCloudStorage.framework/Versions/A/ProtectedCloudStorage
0x0000000001302000 	/usr/lib/libCoreStorage.dylib
0x0000000001302000 	/System/Library/PrivateFrameworks/EFILogin.framework/Versions/A/EFILogin
0x0000000001302000 	/usr/lib/libutil.dylib
0x0000000001302000 	/System/Library/PrivateFrameworks/FindMyDevice.framework/Versions/A/FindMyDevice
0x0000000001302000 	/System/Library/Frameworks/LDAP.framework/Versions/A/LDAP
0x0000000001302000 	/usr/lib/libsasl2.2.dylib
0x0000000001302000 	/System/Library/PrivateFrameworks/CoreDaemon.framework/Versions/B/CoreDaemon
0x0000000001302000 	/usr/lib/libcrypto.0.9.8.dylib
0x0000000001302000 	/System/Library/PrivateFrameworks/AppleSRP.framework/Versions/A/AppleSRP
0x0000000001302000 	/System/Library/PrivateFrameworks/TrustEvaluationAgent.framework/Versions/A/TrustEvaluationAgent
0x000000011b8b8000 	cl_kernels
0x0000000001302000 	/System/Library/Frameworks/OpenCL.framework/Versions/A/Libraries/ImageFormats/unorm8_bgra.dylib
0x0000000001302000 	/System/Library/Frameworks/OpenCL.framework/Versions/A/Libraries/ImageFormats/unorm8_rgba.dylib
0x0000000001302000 	/System/Library/PrivateFrameworks/FamilyControls.framework/Versions/A/FamilyControls
0x0000000001302000 	/System/Library/PrivateFrameworks/CommerceKit.framework/Versions/A/Frameworks/CommerceCore.framework/Versions/A/CommerceCore
0x0000000001302000 	/System/Library/PrivateFrameworks/SystemAdministration.framework/Versions/A/SystemAdministration
0x0000000001302000 	/System/Library/PrivateFrameworks/AppContainer.framework/Versions/A/AppContainer
0x0000000001302000 	/System/Library/PrivateFrameworks/SecCodeWrapper.framework/Versions/A/SecCodeWrapper
0x0000000001302000 	/System/Library/Frameworks/DirectoryService.framework/Versions/A/DirectoryService
0x0000000001302000 	/System/Library/PrivateFrameworks/LoginUIKit.framework/Versions/A/Frameworks/LoginUICore.framework/Versions/A/LoginUICore
0x0000000001302000 	/usr/lib/libodfde.dylib
0x000000011c993000 	/Library/Java/JavaVirtualMachines/jdk1.8.0_101.jdk/Contents/Home/jre/lib/libfontmanager.dylib
0x000000011c9fa000 	/Users/aidanmcphelim/IdeaProjects/game/lib/liblwjgl.dylib
0x000000011acbb000 	/Library/Java/JavaVirtualMachines/jdk1.8.0_101.jdk/Contents/Home/jre/lib/libjawt.dylib
0x0000000001302000 	/System/Library/Frameworks/OpenGL.framework/Versions/A/Resources/GLEngine.bundle/GLEngine
0x0000000001302000 	/System/Library/Frameworks/OpenGL.framework/Versions/A/Libraries/libGLProgrammability.dylib
0x000000011ca7c000 	/System/Library/Extensions/AppleIntelBDWGraphicsGLDriver.bundle/Contents/MacOS/AppleIntelBDWGraphicsGLDriver
0x0000000001302000 	/System/Library/PrivateFrameworks/GPUSupport.framework/Versions/A/Libraries/libGPUSupportMercury.dylib
0x0000000001302000 	/System/Library/Frameworks/OpenGL.framework/Versions/A/Resources/GLRendererFloat.bundle/GLRendererFloat
0x000000011acd2000 	/Users/aidanmcphelim/IdeaProjects/game/lib/libjinput-osx.dylib
0x000000011f414000 	/System/Library/Extensions/IOHIDFamily.kext/Contents/PlugIns/IOHIDLib.plugin/Contents/MacOS/IOHIDLib

VM Arguments:
jvm_args: -Djava.library.path=lib/ -javaagent:/Applications/IntelliJ IDEA CE.app/Contents/lib/idea_rt.jar=51641:/Applications/IntelliJ IDEA CE.app/Contents/bin -Dfile.encoding=UTF-8 
java_command: Main
java_class_path (initial): /Library/Java/JavaVirtualMachines/jdk1.8.0_101.jdk/Contents/Home/jre/lib/charsets.jar:/Library/Java/JavaVirtualMachines/jdk1.8.0_101.jdk/Contents/Home/jre/lib/deploy.jar:/Library/Java/JavaVirtualMachines/jdk1.8.0_101.jdk/Contents/Home/jre/lib/ext/cldrdata.jar:/Library/Java/JavaVirtualMachines/jdk1.8.0_101.jdk/Contents/Home/jre/lib/ext/dnsns.jar:/Library/Java/JavaVirtualMachines/jdk1.8.0_101.jdk/Contents/Home/jre/lib/ext/jaccess.jar:/Library/Java/JavaVirtualMachines/jdk1.8.0_101.jdk/Contents/Home/jre/lib/ext/jfxrt.jar:/Library/Java/JavaVirtualMachines/jdk1.8.0_101.jdk/Contents/Home/jre/lib/ext/localedata.jar:/Library/Java/JavaVirtualMachines/jdk1.8.0_101.jdk/Contents/Home/jre/lib/ext/nashorn.jar:/Library/Java/JavaVirtualMachines/jdk1.8.0_101.jdk/Contents/Home/jre/lib/ext/sunec.jar:/Library/Java/JavaVirtualMachines/jdk1.8.0_101.jdk/Contents/Home/jre/lib/ext/sunjce_provider.jar:/Library/Java/JavaVirtualMachines/jdk1.8.0_101.jdk/Contents/Home/jre/lib/ext/sunpkcs11.jar:/Library/Java/JavaVirtualMachines/jdk1.8.0_101.jdk/Contents/Home/jre/lib/ext/zipfs.jar:/Library/Java/JavaVirtualMachines/jdk1.8.0_101.jdk/Contents/Home/jre/lib/javaws.jar:/Library/Java/JavaVirtualMachines/jdk1.8.0_101.jdk/Contents/Home/jre/lib/jce.jar:/Library/Java/JavaVirtualMachines/jdk1.8.0_101.jdk/Contents/Home/jre/lib/jfr.jar:/Library/Java/JavaVirtualMachines/jdk1.8.0_101.jdk/Contents/Home/jre/lib/jfxswt.jar:/Library/Java/JavaVirtualMachines/jdk1.8.0_101.jdk/Contents/Home/jre/lib/jsse.jar:/Library/Java/JavaVirtualMachines/jdk1.8.0_101.jdk/Contents/Home/jre/lib/management-agent.jar:/Library/Java/JavaVirtualMachines/jdk1.8.0_101.jdk/Contents/Home/jre/lib/plugin.jar:/Library/Java/JavaVirtualMachines/jdk1.8.0_101.jdk/Contents/Home/jre/lib/resources.jar:/Library/Java/JavaVirtualMachines/jdk1.8.0_101.jdk/Contents/Home/jre/lib/rt.jar:/Library/Java/JavaVirtualMachines/jdk1.8.0_101.jdk/Contents/Home/lib/ant-javafx.jar:/Library/Java/JavaVirtualMachines/jdk1.8.0_101.jdk/Contents/Home
Launcher Type: SUN_STANDARD

Environment Variables:
PATH=/Library/Frameworks/Python.framework/Versions/3.7/bin:/Library/Frameworks/Python.framework/Versions/2.7/bin:/Library/Frameworks/Python.framework/Versions/2.7/bin:/Library/Frameworks/Python.framework/Versions/3.5/bin:/usr/local/bin:/usr/bin:/bin:/usr/sbin:/sbin:/opt/X11/bin
SHELL=/bin/bash
DISPLAY=/private/tmp/com.apple.launchd.mrRc09qLn8/org.macosforge.xquartz:0

Signal Handlers:
SIGSEGV: [libjvm.dylib+0x5af145], sa_mask[0]=11111111011111110111111111111111, sa_flags=SA_ONSTACK|SA_RESTART|SA_SIGINFO
SIGBUS: [libjvm.dylib+0x5af145], sa_mask[0]=11111111011111110111111111111111, sa_flags=SA_RESTART|SA_SIGINFO
SIGFPE: [libjvm.dylib+0x48694c], sa_mask[0]=11111111011111110111111111111111, sa_flags=SA_RESTART|SA_SIGINFO
SIGPIPE: [libjvm.dylib+0x48694c], sa_mask[0]=11111111011111110111111111111111, sa_flags=SA_RESTART|SA_SIGINFO
SIGXFSZ: [libjvm.dylib+0x48694c], sa_mask[0]=11111111011111110111111111111111, sa_flags=SA_RESTART|SA_SIGINFO
SIGILL: [libjvm.dylib+0x48694c], sa_mask[0]=11111111011111110111111111111111, sa_flags=SA_RESTART|SA_SIGINFO
SIGUSR1: SIG_DFL, sa_mask[0]=00000000000000000000000000000000, sa_flags=none
SIGUSR2: [libjvm.dylib+0x48646a], sa_mask[0]=00100000000000000000000000000000, sa_flags=SA_RESTART|SA_SIGINFO
SIGHUP: [libjvm.dylib+0x484a41], sa_mask[0]=11111111011111110111111111111111, sa_flags=SA_RESTART|SA_SIGINFO
SIGINT: [libjvm.dylib+0x484a41], sa_mask[0]=11111111011111110111111111111111, sa_flags=SA_RESTART|SA_SIGINFO
SIGTERM: [libjvm.dylib+0x484a41], sa_mask[0]=11111111011111110111111111111111, sa_flags=SA_RESTART|SA_SIGINFO
SIGQUIT: [libjvm.dylib+0x484a41], sa_mask[0]=11111111011111110111111111111111, sa_flags=SA_RESTART|SA_SIGINFO


---------------  S Y S T E M  ---------------

OS:Bsduname:Darwin 15.5.0 Darwin Kernel Version 15.5.0: Tue Apr 19 18:36:36 PDT 2016; root:xnu-3248.50.21~8/RELEASE_X86_64 x86_64
rlimit: STACK 8192k, CORE 0k, NPROC 709, NOFILE 10240, AS infinity
load average:2.10 2.43 2.45

CPU:total 4 (2 cores per cpu, 2 threads per core) family 6 model 61 stepping 4, cmov, cx8, fxsr, mmx, sse, sse2, sse3, ssse3, sse4.1, sse4.2, popcnt, avx, avx2, aes, clmul, erms, 3dnowpref, lzcnt, ht, tsc, tscinvbit, bmi1, bmi2, adx

Memory: 4k page, physical 8388608k(61876k free)

/proc/meminfo:


vm_info: Java HotSpot(TM) 64-Bit Server VM (25.101-b13) for bsd-amd64 JRE (1.8.0_101-b13), built on Jun 22 2016 02:42:15 by "java_re" with gcc 4.2.1 (Based on Apple Inc. build 5658) (LLVM build 2336.11.00)

time: Thu Jan 10 22:01:10 2019
elapsed time: 75 seconds (0d 0h 1m 15s)

